Arguments: 
  /usr/local/bin/node /usr/local/bin/yarn

PATH: 
  /usr/local/bin:/usr/bin:/bin:/usr/sbin:/sbin

Yarn version: 
  1.7.0

Node version: 
  10.0.0

Platform: 
  darwin x64

Trace: 
  Error: https://registry.yarnpkg.com/chalk: ETIMEDOUT
      at Timeout._onTimeout (/usr/local/lib/node_modules/yarn/lib/cli.js:135339:19)
      at ontimeout (timers.js:427:11)
      at tryOnTimeout (timers.js:289:5)
      at listOnTimeout (timers.js:252:5)
      at Timer.processTimers (timers.js:212:10)

npm manifest: 
  {
    "name": "nodeapi",
    "version": "1.0.0",
    "description": "",
    "main": "app.js",
    "scripts": {
      "test": "echo \"Error: no test specified\" && exit 1"
    },
    "keywords": [
      "nodeapi"
    ],
    "author": "imakan",
    "license": "ISC",
    "dependencies": {
      "chalk": "^2.4.1",
      "co": "^4.6.0",
      "co-prompt": "^1.0.0",
      "express": "^4.16.3",
      "puppeteer": "^1.6.2",
      "shelljs": "^0.8.2"
    },
    "devDependencies": {
      "ndb": "^1.0.17"
    }
  }

yarn manifest: 
  No manifest

Lockfile: 
  No lockfile
